ns1 Before: 
 163:          0          0          0          0         13          0          0          0          0          0          0          9          0          0          0          0  IR-PCI-MSIX-0000:57:00.0    1-edge      enp87s0-TxRx-0
 164:          0          0          0          0          0          0         12          0          0          0          0          0         10          0          0          0  IR-PCI-MSIX-0000:57:00.0    2-edge      enp87s0-TxRx-1
 165:          0          0          0          0          0          0          0          0          0         15          0          0          0         12          0          0  IR-PCI-MSIX-0000:57:00.0    3-edge      enp87s0-TxRx-2
 166:          0         13          0          0          0          0          0          0          0          0          0          0          0          0         10          0  IR-PCI-MSIX-0000:57:00.0    4-edge      enp87s0-TxRx-3
0: 163
0001
0
1: 164
0002
1
2: 165
0004
2
3: 166
0008
3
0: 163
0001
0
1: 164
0002
1
2: 165
0004
2
3: 166
0008
3
ns1 After: 
 163:          0          0          0          0         13          0          0          0          0          0          0          9          0          0          0          0  IR-PCI-MSIX-0000:57:00.0    1-edge      enp87s0-TxRx-0
 164:          0          0          0          0          0          0         12          0          0          0          0          0         10          0          0          0  IR-PCI-MSIX-0000:57:00.0    2-edge      enp87s0-TxRx-1
 165:          0          0          0          0          0          0          0          0          0         15          0          0          0         12          0          0  IR-PCI-MSIX-0000:57:00.0    3-edge      enp87s0-TxRx-2
 166:          0         13          0          0          0          0          0          0          0          0          0          0          0          0         10          0  IR-PCI-MSIX-0000:57:00.0    4-edge      enp87s0-TxRx-3
-----
ns2 Before: 
 184:         14          0          0          0          0         20          0          0          0          0          0          0          0          0          0          0  IR-PCI-MSIX-0000:58:00.0    1-edge      enp88s0-TxRx-0
 185:          0         10          0          0          0          0          0          0          0          0          0          0          0          0          0         13  IR-PCI-MSIX-0000:58:00.0    2-edge      enp88s0-TxRx-1
 186:          0          0          6          0          0          0          0          0          0          0          0          0         10          0          0          0  IR-PCI-MSIX-0000:58:00.0    3-edge      enp88s0-TxRx-2
 187:          9          0          0         11          0          0          5          0          0          0          0          0          0          0          0          0  IR-PCI-MSIX-0000:58:00.0    4-edge      enp88s0-TxRx-3
0: 184
fff0
4-15
1: 185
fff0
4-15
2: 186
fff0
4-15
3: 187
fff0
4-15
0: 184
0020
5
1: 185
8000
15
2: 186
1000
12
3: 187
0040
6
ns2 After: 
 184:         14          0          0          0          0         20          0          0          0          0          0          0          0          0          0          0  IR-PCI-MSIX-0000:58:00.0    1-edge      enp88s0-TxRx-0
 185:          0         10          0          0          0          0          0          0          0          0          0          0          0          0          0         13  IR-PCI-MSIX-0000:58:00.0    2-edge      enp88s0-TxRx-1
 186:          0          0          6          0          0          0          0          0          0          0          0          0         10          0          0          0  IR-PCI-MSIX-0000:58:00.0    3-edge      enp88s0-TxRx-2
 187:          9          0          0         11          0          0          5          0          0          0          0          0          0          0          0          0  IR-PCI-MSIX-0000:58:00.0    4-edge      enp88s0-TxRx-3
